<?xml version="1.0" encoding="UTF-8"?>
<testng-results ignored="0" total="1" passed="1" failed="0" skipped="0">
  <reporter-output>
  </reporter-output>
  <suite started-at="2023-02-06T01:22:16 GMT-08:00" name="Default suite" finished-at="2023-02-06T01:22:29 GMT-08:00" duration-ms="13102">
    <groups>
      <group name="cucumber">
        <method signature="AbstractTestNGCucumberTests.runScenario(io.cucumber.testng.PickleWrapper,io.cucumber.testng.FeatureWrapper)[pri:0, instance:TestRunner.CucumberOptionsClass@2eae8e6e]" name="runScenario" class="io.cucumber.testng.AbstractTestNGCucumberTests"/>
      </group> <!-- cucumber -->
    </groups>
    <test started-at="2023-02-06T01:22:16 GMT-08:00" name="Default test" finished-at="2023-02-06T01:22:29 GMT-08:00" duration-ms="13102">
      <class name="TestRunner.CucumberOptionsClass">
        <test-method is-config="true" signature="setUpClass(org.testng.ITestContext)[pri:0, instance:TestRunner.CucumberOptionsClass@2eae8e6e]" started-at="2023-02-06T01:22:16 GMT-08:00" name="setUpClass" finished-at="2023-02-06T01:22:16 GMT-08:00" duration-ms="390" status="PASS">
          <params>
            <param index="0">
              <value>
                <![CDATA[org.testng.TestRunner@52ff99cd]]>
              </value>
            </param>
          </params>
          <reporter-output>
          </reporter-output>
        </test-method> <!-- setUpClass -->
        <test-method signature="runScenario(io.cucumber.testng.PickleWrapper,io.cucumber.testng.FeatureWrapper)[pri:0, instance:TestRunner.CucumberOptionsClass@2eae8e6e]" started-at="2023-02-06T01:22:16 GMT-08:00" name="runScenario" description="Runs Cucumber Scenarios" data-provider="scenarios" finished-at="2023-02-06T01:22:29 GMT-08:00" duration-ms="12604" status="PASS">
          <params>
            <param index="0">
              <value>
                <![CDATA["Login test of amazon"]]>
              </value>
            </param>
            <param index="1">
              <value>
                <![CDATA["Login test"]]>
              </value>
            </param>
          </params>
          <reporter-output>
          </reporter-output>
        </test-method> <!-- runScenario -->
        <test-method is-config="true" signature="tearDownClass()[pri:0, instance:TestRunner.CucumberOptionsClass@2eae8e6e]" started-at="2023-02-06T01:22:29 GMT-08:00" name="tearDownClass" finished-at="2023-02-06T01:22:29 GMT-08:00" duration-ms="19" status="PASS">
          <reporter-output>
          </reporter-output>
        </test-method> <!-- tearDownClass -->
      </class> <!-- TestRunner.CucumberOptionsClass -->
    </test> <!-- Default test -->
  </suite> <!-- Default suite -->
</testng-results>
